<?xml version="1.0" encoding="UTF-8"?>
<!-- Generated by org.testng.reporters.JUnitXMLReporter -->
<testsuite hostname="Mauro-PC" name="Command line test" tests="1" failures="1" timestamp="1 Jun 2014 19:56:12 GMT" time="13.755" errors="0">
  <testcase name="test" time="13.734" classname="com.any.tests.StubTest">
    <failure type="java.lang.RuntimeException" message="exceptionnnnnnnn">
      <![CDATA[java.lang.RuntimeException: exceptionnnnnnnn
	at com.any.tests.StubTest.test(StubTest.java:18)
	at com.mgiorda.testng.TestSuiteRunner.run(TestSuiteRunner.java:50)
	at java.lang.Thread.run(Thread.java:745)
... Removed 21 stack frames]]>
    </failure>
  </testcase> <!-- test -->
</testsuite> <!-- Command line test -->
