<?xml version="1.0" encoding="UTF-8"?>
<testng-results skipped="0" failed="0" total="1" passed="1">
  <reporter-output>
  </reporter-output>
  <suite name="Default suite" duration-ms="14876" started-at="2014-06-03T16:24:09Z" finished-at="2014-06-03T16:24:24Z">
    <groups>
    </groups>
    <test name="Default test" duration-ms="14876" started-at="2014-06-03T16:24:09Z" finished-at="2014-06-03T16:24:24Z">
      <class name="com.any.tests.StubTest">
        <test-method status="PASS" signature="springTestContextBeforeTestClass()[pri:0, instance:com.any.tests.StubTest@65eb6cf5]" name="springTestContextBeforeTestClass" is-config="true" duration-ms="7" started-at="2014-06-03T13:24:09Z" finished-at="2014-06-03T13:24:09Z">
          <reporter-output>
          </reporter-output>
        </test-method> <!-- springTestContextBeforeTestClass -->
        <test-method status="PASS" signature="springTestContextPrepareTestInstance()[pri:0, instance:com.any.tests.StubTest@65eb6cf5]" name="springTestContextPrepareTestInstance" is-config="true" duration-ms="765" started-at="2014-06-03T13:24:09Z" depends-on-methods="org.springframework.test.context.testng.AbstractTestNGSpringContextTests.springTestContextBeforeTestClass" finished-at="2014-06-03T13:24:10Z">
          <reporter-output>
          </reporter-output>
        </test-method> <!-- springTestContextPrepareTestInstance -->
        <test-method status="PASS" signature="springTestContextBeforeTestMethod(java.lang.reflect.Method)[pri:0, instance:com.any.tests.StubTest@65eb6cf5]" name="springTestContextBeforeTestMethod" is-config="true" duration-ms="2" started-at="2014-06-03T13:24:10Z" finished-at="2014-06-03T13:24:10Z">
          <params>
            <param index="0">
              <value>
                <![CDATA[public void com.any.tests.StubTest.test()]]>
              </value>
            </param>
          </params>
          <reporter-output>
          </reporter-output>
        </test-method> <!-- springTestContextBeforeTestMethod -->
        <test-method status="PASS" signature="test()[pri:0, instance:com.any.tests.StubTest@65eb6cf5]" name="test" duration-ms="14084" started-at="2014-06-03T13:24:10Z" finished-at="2014-06-03T13:24:24Z">
          <reporter-output>
          </reporter-output>
        </test-method> <!-- test -->
        <test-method status="PASS" signature="springTestContextAfterTestMethod(java.lang.reflect.Method)[pri:0, instance:com.any.tests.StubTest@65eb6cf5]" name="springTestContextAfterTestMethod" is-config="true" duration-ms="3" started-at="2014-06-03T13:24:24Z" finished-at="2014-06-03T13:24:24Z">
          <params>
            <param index="0">
              <value>
                <![CDATA[public void com.any.tests.StubTest.test()]]>
              </value>
            </param>
          </params>
          <reporter-output>
          </reporter-output>
        </test-method> <!-- springTestContextAfterTestMethod -->
        <test-method status="PASS" signature="springTestContextAfterTestClass()[pri:0, instance:com.any.tests.StubTest@65eb6cf5]" name="springTestContextAfterTestClass" is-config="true" duration-ms="0" started-at="2014-06-03T13:24:24Z" finished-at="2014-06-03T13:24:24Z">
          <reporter-output>
          </reporter-output>
        </test-method> <!-- springTestContextAfterTestClass -->
      </class> <!-- com.any.tests.StubTest -->
    </test> <!-- Default test -->
  </suite> <!-- Default suite -->
</testng-results>
